  校园导游咨询系统.c
G:\课程学习\数据结构\课设\课设参考\大学校园导游——普通\数据结构课程设计\校园导游咨询系统.c(1,1): warning C4819: 该文件包含不能在当前代码页(936)中表示的字符。请将该文件保存为 Unicode 格式以防止数据丢失
G:\课程学习\数据结构\课设\课设参考\大学校园导游——普通\数据结构课程设计\校园导游咨询系统.c(14,2): error C2061: 语法错误: 标识符“vertextype”
G:\课程学习\数据结构\课设\课设参考\大学校园导游——普通\数据结构课程设计\校园导游咨询系统.c(17,1): error C2059: 语法错误:“}”
G:\课程学习\数据结构\课设\课设参考\大学校园导游——普通\数据结构课程设计\校园导游咨询系统.c(24,27): error C2143: 语法错误: 缺少“)”(在“*”的前面)
G:\课程学习\数据结构\课设\课设参考\大学校园导游——普通\数据结构课程设计\校园导游咨询系统.c(24,27): error C2143: 语法错误: 缺少“{”(在“*”的前面)
G:\课程学习\数据结构\课设\课设参考\大学校园导游——普通\数据结构课程设计\校园导游咨询系统.c(24,29): error C2059: 语法错误:“)”
G:\课程学习\数据结构\课设\课设参考\大学校园导游——普通\数据结构课程设计\校园导游咨询系统.c(29,26): error C2143: 语法错误: 缺少“)”(在“*”的前面)
G:\课程学习\数据结构\课设\课设参考\大学校园导游——普通\数据结构课程设计\校园导游咨询系统.c(29,26): error C2143: 语法错误: 缺少“{”(在“*”的前面)
G:\课程学习\数据结构\课设\课设参考\大学校园导游——普通\数据结构课程设计\校园导游咨询系统.c(29,28): error C2059: 语法错误:“)”
G:\课程学习\数据结构\课设\课设参考\大学校园导游——普通\数据结构课程设计\校园导游咨询系统.c(84,33): error C2143: 语法错误: 缺少“)”(在“*”的前面)
G:\课程学习\数据结构\课设\课设参考\大学校园导游——普通\数据结构课程设计\校园导游咨询系统.c(84,33): error C2143: 语法错误: 缺少“{”(在“*”的前面)
G:\课程学习\数据结构\课设\课设参考\大学校园导游——普通\数据结构课程设计\校园导游咨询系统.c(84,35): error C2059: 语法错误:“)”
G:\课程学习\数据结构\课设\课设参考\大学校园导游——普通\数据结构课程设计\校园导游咨询系统.c(84,37): error C2054: 在“g”之后应输入“(”
G:\课程学习\数据结构\课设\课设参考\大学校园导游——普通\数据结构课程设计\校园导游咨询系统.c(87,10): error C2001: 常量中有换行符
G:\课程学习\数据结构\课设\课设参考\大学校园导游——普通\数据结构课程设计\校园导游咨询系统.c(97,27): error C2143: 语法错误: 缺少“)”(在“*”的前面)
G:\课程学习\数据结构\课设\课设参考\大学校园导游——普通\数据结构课程设计\校园导游咨询系统.c(97,27): error C2143: 语法错误: 缺少“{”(在“*”的前面)
G:\课程学习\数据结构\课设\课设参考\大学校园导游——普通\数据结构课程设计\校园导游咨询系统.c(97,29): error C2059: 语法错误:“)”
G:\课程学习\数据结构\课设\课设参考\大学校园导游——普通\数据结构课程设计\校园导游咨询系统.c(97,31): error C2054: 在“g”之后应输入“(”
G:\课程学习\数据结构\课设\课设参考\大学校园导游——普通\数据结构课程设计\校园导游咨询系统.c(120,10): error C2143: 语法错误: 缺少“)”(在“字符串”的前面)
G:\课程学习\数据结构\课设\课设参考\大学校园导游——普通\数据结构课程设计\校园导游咨询系统.c(120,10): error C2143: 语法错误: 缺少“{”(在“字符串”的前面)
G:\课程学习\数据结构\课设\课设参考\大学校园导游——普通\数据结构课程设计\校园导游咨询系统.c(120,10): error C2059: 语法错误:“字符串”
G:\课程学习\数据结构\课设\课设参考\大学校园导游——普通\数据结构课程设计\校园导游咨询系统.c(120,48): error C2059: 语法错误:“)”
G:\课程学习\数据结构\课设\课设参考\大学校园导游——普通\数据结构课程设计\校园导游咨询系统.c(121,22): error C2143: 语法错误: 缺少“)”(在“[”的前面)
G:\课程学习\数据结构\课设\课设参考\大学校园导游——普通\数据结构课程设计\校园导游咨询系统.c(121,27): error C2065: “sNum”: 未声明的标识符
G:\课程学习\数据结构\课设\课设参考\大学校园导游——普通\数据结构课程设计\校园导游咨询系统.c(121,27): error C2057: 应输入常量表达式
G:\课程学习\数据结构\课设\课设参考\大学校园导游——普通\数据结构课程设计\校园导游咨询系统.c(121,27): error C2090: 函数返回数组
G:\课程学习\数据结构\课设\课设参考\大学校园导游——普通\数据结构课程设计\校园导游咨询系统.c(121,33): error C2065: “eNum”: 未声明的标识符
G:\课程学习\数据结构\课设\课设参考\大学校园导游——普通\数据结构课程设计\校园导游咨询系统.c(121,33): error C2057: 应输入常量表达式
G:\课程学习\数据结构\课设\课设参考\大学校园导游——普通\数据结构课程设计\校园导游咨询系统.c(121,40): error C2059: 语法错误:“)”
G:\课程学习\数据结构\课设\课设参考\大学校园导游——普通\数据结构课程设计\校园导游咨询系统.c(122,2): error C2059: 语法错误:“}”
G:\课程学习\数据结构\课设\课设参考\大学校园导游——普通\数据结构课程设计\校园导游咨询系统.c(141,1): error C2059: 语法错误:“}”
G:\课程学习\数据结构\课设\课设参考\大学校园导游——普通\数据结构课程设计\校园导游咨询系统.c(150,15): error C2065: “top”: 未声明的标识符
G:\课程学习\数据结构\课设\课设参考\大学校园导游——普通\数据结构课程设计\校园导游咨询系统.c(150,15): error C2057: 应输入常量表达式
G:\课程学习\数据结构\课设\课设参考\大学校园导游——普通\数据结构课程设计\校园导游咨询系统.c(150,23): error C2065: “sNum”: 未声明的标识符
G:\课程学习\数据结构\课设\课设参考\大学校园导游——普通\数据结构课程设计\校园导游咨询系统.c(150,23): error C2099: 初始值设定项不是常量
G:\课程学习\数据结构\课设\课设参考\大学校园导游——普通\数据结构课程设计\校园导游咨询系统.c(153,2): error C2059: 语法错误:“for”
G:\课程学习\数据结构\课设\课设参考\大学校园导游——普通\数据结构课程设计\校园导游咨询系统.c(153,20): error C2143: 语法错误: 缺少“{”(在“<”的前面)
G:\课程学习\数据结构\课设\课设参考\大学校园导游——普通\数据结构课程设计\校园导游咨询系统.c(153,20): error C2059: 语法错误:“<”
G:\课程学习\数据结构\课设\课设参考\大学校园导游——普通\数据结构课程设计\校园导游咨询系统.c(153,34): error C2143: 语法错误: 缺少“{”(在“++”的前面)
G:\课程学习\数据结构\课设\课设参考\大学校园导游——普通\数据结构课程设计\校园导游咨询系统.c(153,34): error C2059: 语法错误:“++”
G:\课程学习\数据结构\课设\课设参考\大学校园导游——普通\数据结构课程设计\校园导游咨询系统.c(153,36): error C2059: 语法错误:“)”
G:\课程学习\数据结构\课设\课设参考\大学校园导游——普通\数据结构课程设计\校园导游咨询系统.c(269,10): error C2001: 常量中有换行符
G:\课程学习\数据结构\课设\课设参考\大学校园导游——普通\数据结构课程设计\校园导游咨询系统.c(446,1): fatal error C1004: 发现意外的文件尾
